# JRE version: Java(TM) SE Runtime Environment (7.0_51-b13) (build 1.7.0_51-b13)
# Java VM: Java HotSpot(TM) 64-Bit Server VM (24.51-b03 mixed mode bsd-amd64 compressed oops)
Heap
 PSYoungGen      total 83968K, used 74715K [0x00000007d5500000, 0x00000007db980000, 0x0000000800000000)
  eden space 80896K, 88% used [0x00000007d5500000,0x00000007d9af7130,0x00000007da400000)
  from space 3072K, 99% used [0x00000007da880000,0x00000007dab7fb10,0x00000007dab80000)
  to   space 4608K, 0% used [0x00000007da400000,0x00000007da400000,0x00000007da880000)
 ParOldGen       total 137728K, used 33894K [0x0000000780000000, 0x0000000788680000, 0x00000007d5500000)
  object space 137728K, 24% used [0x0000000780000000,0x0000000782119a50,0x0000000788680000)
 PSPermGen       total 21504K, used 8961K [0x000000077ae00000, 0x000000077c300000, 0x0000000780000000)
  object space 21504K, 41% used [0x000000077ae00000,0x000000077b6c04c0,0x000000077c300000)
GC Heap History (10 events):
Event: 1.640 GC heap before
{Heap before GC invocations=3 (full 0):
 PSYoungGen      total 38912K, used 35266K [0x00000007d5500000, 0x00000007da100000, 0x0000000800000000)
  eden space 33792K, 100% used [0x00000007d5500000,0x00000007d7600000,0x00000007d7600000)
  from space 5120K, 28% used [0x00000007d7b00000,0x00000007d7c70900,0x00000007d8000000)
  to   space 5120K, 0% used [0x00000007d7600000,0x00000007d7600000,0x00000007d7b00000)
 ParOldGen       total 87040K, used 15519K [0x0000000780000000, 0x0000000785500000, 0x00000007d5500000)
  object space 87040K, 17% used [0x0000000780000000,0x0000000780f27fd0,0x0000000785500000)
 PSPermGen       total 21504K, used 8685K [0x000000077ae00000, 0x000000077c300000, 0x0000000780000000)
  object space 21504K, 40% used [0x000000077ae00000,0x000000077b67b6a8,0x000000077c300000)
Event: 1.664 GC heap after
Heap after GC invocations=3 (full 0):
 PSYoungGen      total 38912K, used 1472K [0x00000007d5500000, 0x00000007da100000, 0x0000000800000000)
  eden space 33792K, 0% used [0x00000007d5500000,0x00000007d5500000,0x00000007d7600000)
  from space 5120K, 28% used [0x00000007d7600000,0x00000007d7770020,0x00000007d7b00000)
  to   space 5120K, 0% used [0x00000007d9c00000,0x00000007d9c00000,0x00000007da100000)
 ParOldGen       total 87040K, used 66173K [0x0000000780000000, 0x0000000785500000, 0x00000007d5500000)
  object space 87040K, 76% used [0x0000000780000000,0x000000078409f520,0x0000000785500000)
 PSPermGen       total 21504K, used 8685K [0x000000077ae00000, 0x000000077c300000, 0x0000000780000000)
  object space 21504K, 40% used [0x000000077ae00000,0x000000077b67b6a8,0x000000077c300000)
}
Event: 1.664 GC heap before
{Heap before GC invocations=4 (full 1):
 PSYoungGen      total 38912K, used 1472K [0x00000007d5500000, 0x00000007da100000, 0x0000000800000000)
  eden space 33792K, 0% used [0x00000007d5500000,0x00000007d5500000,0x00000007d7600000)
  from space 5120K, 28% used [0x00000007d7600000,0x00000007d7770020,0x00000007d7b00000)
  to   space 5120K, 0% used [0x00000007d9c00000,0x00000007d9c00000,0x00000007da100000)
 ParOldGen       total 87040K, used 66173K [0x0000000780000000, 0x0000000785500000, 0x00000007d5500000)
  object space 87040K, 76% used [0x0000000780000000,0x000000078409f520,0x0000000785500000)
 PSPermGen       total 21504K, used 8685K [0x000000077ae00000, 0x000000077c300000, 0x0000000780000000)
  object space 21504K, 40% used [0x000000077ae00000,0x000000077b67b6a8,0x000000077c300000)
Event: 1.697 GC heap after
Heap after GC invocations=4 (full 1):
 PSYoungGen      total 38912K, used 0K [0x00000007d5500000, 0x00000007da100000, 0x0000000800000000)
  eden space 33792K, 0% used [0x00000007d5500000,0x00000007d5500000,0x00000007d7600000)
  from space 5120K, 0% used [0x00000007d7600000,0x00000007d7600000,0x00000007d7b00000)
  to   space 5120K, 0% used [0x00000007d9c00000,0x00000007d9c00000,0x00000007da100000)
 ParOldGen       total 137728K, used 32633K [0x0000000780000000, 0x0000000788680000, 0x00000007d5500000)
  object space 137728K, 23% used [0x0000000780000000,0x0000000781fde730,0x0000000788680000)
 PSPermGen       total 21504K, used 8684K [0x000000077ae00000, 0x000000077c300000, 0x0000000780000000)
  object space 21504K, 40% used [0x000000077ae00000,0x000000077b67b020,0x000000077c300000)
}
Event: 1.747 GC heap before
{Heap before GC invocations=5 (full 1):
 PSYoungGen      total 38912K, used 33792K [0x00000007d5500000, 0x00000007da100000, 0x0000000800000000)
  eden space 33792K, 100% used [0x00000007d5500000,0x00000007d7600000,0x00000007d7600000)
  from space 5120K, 0% used [0x00000007d7600000,0x00000007d7600000,0x00000007d7b00000)
  to   space 5120K, 0% used [0x00000007d9c00000,0x00000007d9c00000,0x00000007da100000)
 ParOldGen       total 137728K, used 32633K [0x0000000780000000, 0x0000000788680000, 0x00000007d5500000)
  object space 137728K, 23% used [0x0000000780000000,0x0000000781fde730,0x0000000788680000)
 PSPermGen       total 21504K, used 8684K [0x000000077ae00000, 0x000000077c300000, 0x0000000780000000)
  object space 21504K, 40% used [0x000000077ae00000,0x000000077b67b020,0x000000077c300000)
Event: 1.748 GC heap after
Heap after GC invocations=5 (full 1):
 PSYoungGen      total 54272K, used 0K [0x00000007d5500000, 0x00000007d9c80000, 0x0000000800000000)
  eden space 53760K, 0% used [0x00000007d5500000,0x00000007d5500000,0x00000007d8980000)
  from space 512K, 0% used [0x00000007d9c00000,0x00000007d9c00000,0x00000007d9c80000)
  to   space 5120K, 0% used [0x00000007d9280000,0x00000007d9280000,0x00000007d9780000)
 ParOldGen       total 137728K, used 32633K [0x0000000780000000, 0x0000000788680000, 0x00000007d5500000)
  object space 137728K, 23% used [0x0000000780000000,0x0000000781fde730,0x0000000788680000)
 PSPermGen       total 21504K, used 8684K [0x000000077ae00000, 0x000000077c300000, 0x0000000780000000)
  object space 21504K, 40% used [0x000000077ae00000,0x000000077b67b020,0x000000077c300000)
}
Event: 2.097 GC heap before
{Heap before GC invocations=6 (full 1):
 PSYoungGen      total 54272K, used 53760K [0x00000007d5500000, 0x00000007d9c80000, 0x0000000800000000)
  eden space 53760K, 100% used [0x00000007d5500000,0x00000007d8980000,0x00000007d8980000)
  from space 512K, 0% used [0x00000007d9c00000,0x00000007d9c00000,0x00000007d9c80000)
  to   space 5120K, 0% used [0x00000007d9280000,0x00000007d9280000,0x00000007d9780000)
 ParOldGen       total 137728K, used 32633K [0x0000000780000000, 0x0000000788680000, 0x00000007d5500000)
  object space 137728K, 23% used [0x0000000780000000,0x0000000781fde730,0x0000000788680000)
 PSPermGen       total 21504K, used 8772K [0x000000077ae00000, 0x000000077c300000, 0x0000000780000000)
  object space 21504K, 40% used [0x000000077ae00000,0x000000077b691058,0x000000077c300000)
Event: 2.099 GC heap after
Heap after GC invocations=6 (full 1):
 PSYoungGen      total 68096K, used 1754K [0x00000007d5500000, 0x00000007dab80000, 0x0000000800000000)
  eden space 62976K, 0% used [0x00000007d5500000,0x00000007d5500000,0x00000007d9280000)
  from space 5120K, 34% used [0x00000007d9280000,0x00000007d9436ab0,0x00000007d9780000)
  to   space 3072K, 0% used [0x00000007da880000,0x00000007da880000,0x00000007dab80000)
 ParOldGen       total 137728K, used 32641K [0x0000000780000000, 0x0000000788680000, 0x00000007d5500000)
  object space 137728K, 23% used [0x0000000780000000,0x0000000781fe0730,0x0000000788680000)
 PSPermGen       total 21504K, used 8772K [0x000000077ae00000, 0x000000077c300000, 0x0000000780000000)
  object space 21504K, 40% used [0x000000077ae00000,0x000000077b691058,0x000000077c300000)
}
Event: 2.478 GC heap before
{Heap before GC invocations=7 (full 1):
 PSYoungGen      total 68096K, used 64730K [0x00000007d5500000, 0x00000007dab80000, 0x0000000800000000)
  eden space 62976K, 100% used [0x00000007d5500000,0x00000007d9280000,0x00000007d9280000)
  from space 5120K, 34% used [0x00000007d9280000,0x00000007d9436ab0,0x00000007d9780000)
  to   space 3072K, 0% used [0x00000007da880000,0x00000007da880000,0x00000007dab80000)
 ParOldGen       total 137728K, used 32641K [0x0000000780000000, 0x0000000788680000, 0x00000007d5500000)
  object space 137728K, 23% used [0x0000000780000000,0x0000000781fe0730,0x0000000788680000)
 PSPermGen       total 21504K, used 8818K [0x000000077ae00000, 0x000000077c300000, 0x0000000780000000)
  object space 21504K, 41% used [0x000000077ae00000,0x000000077b69c860,0x000000077c300000)
Event: 2.481 GC heap after
Heap after GC invocations=7 (full 1):
 PSYoungGen      total 83968K, used 3070K [0x00000007d5500000, 0x00000007db980000, 0x0000000800000000)
  eden space 80896K, 0% used [0x00000007d5500000,0x00000007d5500000,0x00000007da400000)
  from space 3072K, 99% used [0x00000007da880000,0x00000007dab7fb10,0x00000007dab80000)
  to   space 4608K, 0% used [0x00000007da400000,0x00000007da400000,0x00000007da880000)
 ParOldGen       total 137728K, used 33894K [0x0000000780000000, 0x0000000788680000, 0x00000007d5500000)
  object space 137728K, 24% used [0x0000000780000000,0x0000000782119a50,0x0000000788680000)
 PSPermGen       total 21504K, used 8818K [0x000000077ae00000, 0x000000077c300000, 0x0000000780000000)
  object space 21504K, 41% used [0x000000077ae00000,0x000000077b69c860,0x000000077c300000)
}

