# JRE version: Java(TM) SE Runtime Environment (7.0_51-b13) (build 1.7.0_51-b13)
# Java VM: Java HotSpot(TM) 64-Bit Server VM (24.51-b03 mixed mode bsd-amd64 compressed oops)
Heap
 PSYoungGen      total 72704K, used 19076K [0x0000000168200000, 0x0000000171000000, 0x0000000192d00000)
  eden space 67584K, 28% used [0x0000000168200000,0x00000001694a1370,0x000000016c400000)
  from space 5120K, 0% used [0x000000016c400000,0x000000016c400000,0x000000016c900000)
  to   space 5120K, 0% used [0x0000000170b00000,0x0000000170b00000,0x0000000171000000)
 ParOldGen       total 138240K, used 32360K [0x0000000112d00000, 0x000000011b400000, 0x0000000168200000)
  object space 138240K, 23% used [0x0000000112d00000,0x0000000114c9a298,0x000000011b400000)
 PSPermGen       total 21504K, used 8312K [0x000000010db00000, 0x000000010f000000, 0x0000000112d00000)
  object space 21504K, 38% used [0x000000010db00000,0x000000010e31e2e0,0x000000010f000000)
GC Heap History (8 events):
Event: 0.829 GC heap before
{Heap before GC invocations=1 (full 0):
 PSYoungGen      total 38912K, used 33792K [0x0000000168200000, 0x000000016ad00000, 0x0000000192d00000)
  eden space 33792K, 100% used [0x0000000168200000,0x000000016a300000,0x000000016a300000)
  from space 5120K, 0% used [0x000000016a800000,0x000000016a800000,0x000000016ad00000)
  to   space 5120K, 0% used [0x000000016a300000,0x000000016a300000,0x000000016a800000)
 ParOldGen       total 87040K, used 0K [0x0000000112d00000, 0x0000000118200000, 0x0000000168200000)
  object space 87040K, 0% used [0x0000000112d00000,0x0000000112d00000,0x0000000118200000)
 PSPermGen       total 21504K, used 6970K [0x000000010db00000, 0x000000010f000000, 0x0000000112d00000)
  object space 21504K, 32% used [0x000000010db00000,0x000000010e1ce938,0x000000010f000000)
Event: 0.839 GC heap after
Heap after GC invocations=1 (full 0):
 PSYoungGen      total 38912K, used 1914K [0x0000000168200000, 0x000000016ce00000, 0x0000000192d00000)
  eden space 33792K, 0% used [0x0000000168200000,0x0000000168200000,0x000000016a300000)
  from space 5120K, 37% used [0x000000016a300000,0x000000016a4deb58,0x000000016a800000)
  to   space 5120K, 0% used [0x000000016c900000,0x000000016c900000,0x000000016ce00000)
 ParOldGen       total 87040K, used 15511K [0x0000000112d00000, 0x0000000118200000, 0x0000000168200000)
  object space 87040K, 17% used [0x0000000112d00000,0x0000000113c25fd0,0x0000000118200000)
 PSPermGen       total 21504K, used 6970K [0x000000010db00000, 0x000000010f000000, 0x0000000112d00000)
  object space 21504K, 32% used [0x000000010db00000,0x000000010e1ce938,0x000000010f000000)
}
Event: 1.062 GC heap before
{Heap before GC invocations=2 (full 0):
 PSYoungGen      total 38912K, used 33304K [0x0000000168200000, 0x000000016ce00000, 0x0000000192d00000)
  eden space 33792K, 92% used [0x0000000168200000,0x000000016a0a7550,0x000000016a300000)
  from space 5120K, 37% used [0x000000016a300000,0x000000016a4deb58,0x000000016a800000)
  to   space 5120K, 0% used [0x000000016c900000,0x000000016c900000,0x000000016ce00000)
 ParOldGen       total 87040K, used 15511K [0x0000000112d00000, 0x0000000118200000, 0x0000000168200000)
  object space 87040K, 17% used [0x0000000112d00000,0x0000000113c25fd0,0x0000000118200000)
 PSPermGen       total 21504K, used 6970K [0x000000010db00000, 0x000000010f000000, 0x0000000112d00000)
  object space 21504K, 32% used [0x000000010db00000,0x000000010e1ce938,0x000000010f000000)
Event: 1.065 GC heap after
Heap after GC invocations=2 (full 0):
 PSYoungGen      total 72704K, used 1128K [0x0000000168200000, 0x000000016ce00000, 0x0000000192d00000)
  eden space 67584K, 0% used [0x0000000168200000,0x0000000168200000,0x000000016c400000)
  from space 5120K, 22% used [0x000000016c900000,0x000000016ca1a168,0x000000016ce00000)
  to   space 5120K, 0% used [0x000000016c400000,0x000000016c400000,0x000000016c900000)
 ParOldGen       total 87040K, used 15519K [0x0000000112d00000, 0x0000000118200000, 0x0000000168200000)
  object space 87040K, 17% used [0x0000000112d00000,0x0000000113c27fd0,0x0000000118200000)
 PSPermGen       total 21504K, used 6970K [0x000000010db00000, 0x000000010f000000, 0x0000000112d00000)
  object space 21504K, 32% used [0x000000010db00000,0x000000010e1ce938,0x000000010f000000)
}
Event: 1.430 GC heap before
{Heap before GC invocations=3 (full 0):
 PSYoungGen      total 72704K, used 68712K [0x0000000168200000, 0x000000016ce00000, 0x0000000192d00000)
  eden space 67584K, 100% used [0x0000000168200000,0x000000016c400000,0x000000016c400000)
  from space 5120K, 22% used [0x000000016c900000,0x000000016ca1a168,0x000000016ce00000)
  to   space 5120K, 0% used [0x000000016c400000,0x000000016c400000,0x000000016c900000)
 ParOldGen       total 87040K, used 15519K [0x0000000112d00000, 0x0000000118200000, 0x0000000168200000)
  object space 87040K, 17% used [0x0000000112d00000,0x0000000113c27fd0,0x0000000118200000)
 PSPermGen       total 21504K, used 8103K [0x000000010db00000, 0x000000010f000000, 0x0000000112d00000)
  object space 21504K, 37% used [0x000000010db00000,0x000000010e2e9f98,0x000000010f000000)
Event: 1.458 GC heap after
Heap after GC invocations=3 (full 0):
 PSYoungGen      total 72704K, used 1256K [0x0000000168200000, 0x0000000171000000, 0x0000000192d00000)
  eden space 67584K, 0% used [0x0000000168200000,0x0000000168200000,0x000000016c400000)
  from space 5120K, 24% used [0x000000016c400000,0x000000016c53a168,0x000000016c900000)
  to   space 5120K, 0% used [0x0000000170b00000,0x0000000170b00000,0x0000000171000000)
 ParOldGen       total 87040K, used 66165K [0x0000000112d00000, 0x0000000118200000, 0x0000000168200000)
  object space 87040K, 76% used [0x0000000112d00000,0x0000000116d9d520,0x0000000118200000)
 PSPermGen       total 21504K, used 8103K [0x000000010db00000, 0x000000010f000000, 0x0000000112d00000)
  object space 21504K, 37% used [0x000000010db00000,0x000000010e2e9f98,0x000000010f000000)
}
Event: 1.458 GC heap before
{Heap before GC invocations=4 (full 1):
 PSYoungGen      total 72704K, used 1256K [0x0000000168200000, 0x0000000171000000, 0x0000000192d00000)
  eden space 67584K, 0% used [0x0000000168200000,0x0000000168200000,0x000000016c400000)
  from space 5120K, 24% used [0x000000016c400000,0x000000016c53a168,0x000000016c900000)
  to   space 5120K, 0% used [0x0000000170b00000,0x0000000170b00000,0x0000000171000000)
 ParOldGen       total 87040K, used 66165K [0x0000000112d00000, 0x0000000118200000, 0x0000000168200000)
  object space 87040K, 76% used [0x0000000112d00000,0x0000000116d9d520,0x0000000118200000)
 PSPermGen       total 21504K, used 8103K [0x000000010db00000, 0x000000010f000000, 0x0000000112d00000)
  object space 21504K, 37% used [0x000000010db00000,0x000000010e2e9f98,0x000000010f000000)
Event: 1.488 GC heap after
Heap after GC invocations=4 (full 1):
 PSYoungGen      total 72704K, used 0K [0x0000000168200000, 0x0000000171000000, 0x0000000192d00000)
  eden space 67584K, 0% used [0x0000000168200000,0x0000000168200000,0x000000016c400000)
  from space 5120K, 0% used [0x000000016c400000,0x000000016c400000,0x000000016c900000)
  to   space 5120K, 0% used [0x0000000170b00000,0x0000000170b00000,0x0000000171000000)
 ParOldGen       total 138240K, used 32360K [0x0000000112d00000, 0x000000011b400000, 0x0000000168200000)
  object space 138240K, 23% used [0x0000000112d00000,0x0000000114c9a298,0x000000011b400000)
 PSPermGen       total 21504K, used 8102K [0x000000010db00000, 0x000000010f000000, 0x0000000112d00000)
  object space 21504K, 37% used [0x000000010db00000,0x000000010e2e9970,0x000000010f000000)
}

