# JRE version: Java(TM) SE Runtime Environment (7.0_51-b13) (build 1.7.0_51-b13)
# Java VM: Java HotSpot(TM) 64-Bit Server VM (24.51-b03 mixed mode bsd-amd64 compressed oops)
Heap
 PSYoungGen      total 54784K, used 17571K [0x0000000164f00000, 0x0000000169680000, 0x000000018fa00000)
  eden space 54272K, 32% used [0x0000000164f00000,0x0000000166028cd0,0x0000000168400000)
  from space 512K, 0% used [0x0000000169600000,0x0000000169600000,0x0000000169680000)
  to   space 5120K, 0% used [0x0000000168c80000,0x0000000168c80000,0x0000000169180000)
 ParOldGen       total 136704K, used 32379K [0x000000010fa00000, 0x0000000117f80000, 0x0000000164f00000)
  object space 136704K, 23% used [0x000000010fa00000,0x000000011199eea8,0x0000000117f80000)
 PSPermGen       total 21504K, used 8288K [0x000000010a800000, 0x000000010bd00000, 0x000000010fa00000)
  object space 21504K, 38% used [0x000000010a800000,0x000000010b018240,0x000000010bd00000)
GC Heap History (10 events):
Event: 1.062 GC heap before
{Heap before GC invocations=1 (full 0):
 PSYoungGen      total 38912K, used 33792K [0x0000000164f00000, 0x0000000167a00000, 0x000000018fa00000)
  eden space 33792K, 100% used [0x0000000164f00000,0x0000000167000000,0x0000000167000000)
  from space 5120K, 0% used [0x0000000167500000,0x0000000167500000,0x0000000167a00000)
  to   space 5120K, 0% used [0x0000000167000000,0x0000000167000000,0x0000000167500000)
 ParOldGen       total 87040K, used 0K [0x000000010fa00000, 0x0000000114f00000, 0x0000000164f00000)
  object space 87040K, 0% used [0x000000010fa00000,0x000000010fa00000,0x0000000114f00000)
 PSPermGen       total 21504K, used 7059K [0x000000010a800000, 0x000000010bd00000, 0x000000010fa00000)
  object space 21504K, 32% used [0x000000010a800000,0x000000010aee4ed0,0x000000010bd00000)
Event: 1.072 GC heap after
Heap after GC invocations=1 (full 0):
 PSYoungGen      total 38912K, used 2048K [0x0000000164f00000, 0x0000000167a00000, 0x000000018fa00000)
  eden space 33792K, 0% used [0x0000000164f00000,0x0000000164f00000,0x0000000167000000)
  from space 5120K, 40% used [0x0000000167000000,0x0000000167200320,0x0000000167500000)
  to   space 5120K, 0% used [0x0000000167500000,0x0000000167500000,0x0000000167a00000)
 ParOldGen       total 87040K, used 15511K [0x000000010fa00000, 0x0000000114f00000, 0x0000000164f00000)
  object space 87040K, 17% used [0x000000010fa00000,0x0000000110925fd0,0x0000000114f00000)
 PSPermGen       total 21504K, used 7059K [0x000000010a800000, 0x000000010bd00000, 0x000000010fa00000)
  object space 21504K, 32% used [0x000000010a800000,0x000000010aee4ed0,0x000000010bd00000)
}
Event: 1.303 GC heap before
{Heap before GC invocations=2 (full 0):
 PSYoungGen      total 38912K, used 34691K [0x0000000164f00000, 0x0000000167a00000, 0x000000018fa00000)
  eden space 33792K, 96% used [0x0000000164f00000,0x0000000166ee0af0,0x0000000167000000)
  from space 5120K, 40% used [0x0000000167000000,0x0000000167200320,0x0000000167500000)
  to   space 5120K, 0% used [0x0000000167500000,0x0000000167500000,0x0000000167a00000)
 ParOldGen       total 87040K, used 15511K [0x000000010fa00000, 0x0000000114f00000, 0x0000000164f00000)
  object space 87040K, 17% used [0x000000010fa00000,0x0000000110925fd0,0x0000000114f00000)
 PSPermGen       total 21504K, used 7059K [0x000000010a800000, 0x000000010bd00000, 0x000000010fa00000)
  object space 21504K, 32% used [0x000000010a800000,0x000000010aee4ed0,0x000000010bd00000)
Event: 1.307 GC heap after
Heap after GC invocations=2 (full 0):
 PSYoungGen      total 38912K, used 1138K [0x0000000164f00000, 0x0000000169b00000, 0x000000018fa00000)
  eden space 33792K, 0% used [0x0000000164f00000,0x0000000164f00000,0x0000000167000000)
  from space 5120K, 22% used [0x0000000167500000,0x000000016761c910,0x0000000167a00000)
  to   space 5120K, 0% used [0x0000000167000000,0x0000000167000000,0x0000000167500000)
 ParOldGen       total 87040K, used 15519K [0x000000010fa00000, 0x0000000114f00000, 0x0000000164f00000)
  object space 87040K, 17% used [0x000000010fa00000,0x0000000110927fd0,0x0000000114f00000)
 PSPermGen       total 21504K, used 7059K [0x000000010a800000, 0x000000010bd00000, 0x000000010fa00000)
  object space 21504K, 32% used [0x000000010a800000,0x000000010aee4ed0,0x000000010bd00000)
}
Event: 1.660 GC heap before
{Heap before GC invocations=3 (full 0):
 PSYoungGen      total 38912K, used 34930K [0x0000000164f00000, 0x0000000169b00000, 0x000000018fa00000)
  eden space 33792K, 100% used [0x0000000164f00000,0x0000000167000000,0x0000000167000000)
  from space 5120K, 22% used [0x0000000167500000,0x000000016761c910,0x0000000167a00000)
  to   space 5120K, 0% used [0x0000000167000000,0x0000000167000000,0x0000000167500000)
 ParOldGen       total 87040K, used 15519K [0x000000010fa00000, 0x0000000114f00000, 0x0000000164f00000)
  object space 87040K, 17% used [0x000000010fa00000,0x0000000110927fd0,0x0000000114f00000)
 PSPermGen       total 21504K, used 8196K [0x000000010a800000, 0x000000010bd00000, 0x000000010fa00000)
  object space 21504K, 38% used [0x000000010a800000,0x000000010b0012e0,0x000000010bd00000)
Event: 1.689 GC heap after
Heap after GC invocations=3 (full 0):
 PSYoungGen      total 38912K, used 1184K [0x0000000164f00000, 0x0000000169b00000, 0x000000018fa00000)
  eden space 33792K, 0% used [0x0000000164f00000,0x0000000164f00000,0x0000000167000000)
  from space 5120K, 23% used [0x0000000167000000,0x0000000167128000,0x0000000167500000)
  to   space 5120K, 0% used [0x0000000169600000,0x0000000169600000,0x0000000169b00000)
 ParOldGen       total 87040K, used 66165K [0x000000010fa00000, 0x0000000114f00000, 0x0000000164f00000)
  object space 87040K, 76% used [0x000000010fa00000,0x0000000113a9d520,0x0000000114f00000)
 PSPermGen       total 21504K, used 8196K [0x000000010a800000, 0x000000010bd00000, 0x000000010fa00000)
  object space 21504K, 38% used [0x000000010a800000,0x000000010b0012e0,0x000000010bd00000)
}
Event: 1.689 GC heap before
{Heap before GC invocations=4 (full 1):
 PSYoungGen      total 38912K, used 1184K [0x0000000164f00000, 0x0000000169b00000, 0x000000018fa00000)
  eden space 33792K, 0% used [0x0000000164f00000,0x0000000164f00000,0x0000000167000000)
  from space 5120K, 23% used [0x0000000167000000,0x0000000167128000,0x0000000167500000)
  to   space 5120K, 0% used [0x0000000169600000,0x0000000169600000,0x0000000169b00000)
 ParOldGen       total 87040K, used 66165K [0x000000010fa00000, 0x0000000114f00000, 0x0000000164f00000)
  object space 87040K, 76% used [0x000000010fa00000,0x0000000113a9d520,0x0000000114f00000)
 PSPermGen       total 21504K, used 8196K [0x000000010a800000, 0x000000010bd00000, 0x000000010fa00000)
  object space 21504K, 38% used [0x000000010a800000,0x000000010b0012e0,0x000000010bd00000)
Event: 1.719 GC heap after
Heap after GC invocations=4 (full 1):
 PSYoungGen      total 38912K, used 0K [0x0000000164f00000, 0x0000000169b00000, 0x000000018fa00000)
  eden space 33792K, 0% used [0x0000000164f00000,0x0000000164f00000,0x0000000167000000)
  from space 5120K, 0% used [0x0000000167000000,0x0000000167000000,0x0000000167500000)
  to   space 5120K, 0% used [0x0000000169600000,0x0000000169600000,0x0000000169b00000)
 ParOldGen       total 136704K, used 32379K [0x000000010fa00000, 0x0000000117f80000, 0x0000000164f00000)
  object space 136704K, 23% used [0x000000010fa00000,0x000000011199eea8,0x0000000117f80000)
 PSPermGen       total 21504K, used 8195K [0x000000010a800000, 0x000000010bd00000, 0x000000010fa00000)
  object space 21504K, 38% used [0x000000010a800000,0x000000010b000cb8,0x000000010bd00000)
}
Event: 1.770 GC heap before
{Heap before GC invocations=5 (full 1):
 PSYoungGen      total 38912K, used 33792K [0x0000000164f00000, 0x0000000169b00000, 0x000000018fa00000)
  eden space 33792K, 100% used [0x0000000164f00000,0x0000000167000000,0x0000000167000000)
  from space 5120K, 0% used [0x0000000167000000,0x0000000167000000,0x0000000167500000)
  to   space 5120K, 0% used [0x0000000169600000,0x0000000169600000,0x0000000169b00000)
 ParOldGen       total 136704K, used 32379K [0x000000010fa00000, 0x0000000117f80000, 0x0000000164f00000)
  object space 136704K, 23% used [0x000000010fa00000,0x000000011199eea8,0x0000000117f80000)
 PSPermGen       total 21504K, used 8195K [0x000000010a800000, 0x000000010bd00000, 0x000000010fa00000)
  object space 21504K, 38% used [0x000000010a800000,0x000000010b000dd8,0x000000010bd00000)
Event: 1.771 GC heap after
Heap after GC invocations=5 (full 1):
 PSYoungGen      total 54784K, used 0K [0x0000000164f00000, 0x0000000169680000, 0x000000018fa00000)
  eden space 54272K, 0% used [0x0000000164f00000,0x0000000164f00000,0x0000000168400000)
  from space 512K, 0% used [0x0000000169600000,0x0000000169600000,0x0000000169680000)
  to   space 5120K, 0% used [0x0000000168c80000,0x0000000168c80000,0x0000000169180000)
 ParOldGen       total 136704K, used 32379K [0x000000010fa00000, 0x0000000117f80000, 0x0000000164f00000)
  object space 136704K, 23% used [0x000000010fa00000,0x000000011199eea8,0x0000000117f80000)
 PSPermGen       total 21504K, used 8195K [0x000000010a800000, 0x000000010bd00000, 0x000000010fa00000)
  object space 21504K, 38% used [0x000000010a800000,0x000000010b000dd8,0x000000010bd00000)
}

