# JRE version: Java(TM) SE Runtime Environment (7.0_51-b13) (build 1.7.0_51-b13)
# Java VM: Java HotSpot(TM) 64-Bit Server VM (24.51-b03 mixed mode bsd-amd64 compressed oops)
Heap
 PSYoungGen      total 72704K, used 25385K [0x0000000162600000, 0x000000016b400000, 0x000000018d100000)
  eden space 67584K, 37% used [0x0000000162600000,0x0000000163eca5c0,0x0000000166800000)
  from space 5120K, 0% used [0x0000000166800000,0x0000000166800000,0x0000000166d00000)
  to   space 5120K, 0% used [0x000000016af00000,0x000000016af00000,0x000000016b400000)
 ParOldGen       total 137728K, used 32327K [0x000000010d100000, 0x0000000115780000, 0x0000000162600000)
  object space 137728K, 23% used [0x000000010d100000,0x000000010f091e18,0x0000000115780000)
 PSPermGen       total 21504K, used 8340K [0x0000000107f00000, 0x0000000109400000, 0x000000010d100000)
  object space 21504K, 38% used [0x0000000107f00000,0x0000000108725270,0x0000000109400000)
GC Heap History (8 events):
Event: 0.842 GC heap before
{Heap before GC invocations=1 (full 0):
 PSYoungGen      total 38912K, used 33792K [0x0000000162600000, 0x0000000165100000, 0x000000018d100000)
  eden space 33792K, 100% used [0x0000000162600000,0x0000000164700000,0x0000000164700000)
  from space 5120K, 0% used [0x0000000164c00000,0x0000000164c00000,0x0000000165100000)
  to   space 5120K, 0% used [0x0000000164700000,0x0000000164700000,0x0000000164c00000)
 ParOldGen       total 87040K, used 0K [0x000000010d100000, 0x0000000112600000, 0x0000000162600000)
  object space 87040K, 0% used [0x000000010d100000,0x000000010d100000,0x0000000112600000)
 PSPermGen       total 21504K, used 6972K [0x0000000107f00000, 0x0000000109400000, 0x000000010d100000)
  object space 21504K, 32% used [0x0000000107f00000,0x00000001085cf1a8,0x0000000109400000)
Event: 0.854 GC heap after
Heap after GC invocations=1 (full 0):
 PSYoungGen      total 38912K, used 1931K [0x0000000162600000, 0x0000000167200000, 0x000000018d100000)
  eden space 33792K, 0% used [0x0000000162600000,0x0000000162600000,0x0000000164700000)
  from space 5120K, 37% used [0x0000000164700000,0x00000001648e2d60,0x0000000164c00000)
  to   space 5120K, 0% used [0x0000000166d00000,0x0000000166d00000,0x0000000167200000)
 ParOldGen       total 87040K, used 15511K [0x000000010d100000, 0x0000000112600000, 0x0000000162600000)
  object space 87040K, 17% used [0x000000010d100000,0x000000010e025fd0,0x0000000112600000)
 PSPermGen       total 21504K, used 6972K [0x0000000107f00000, 0x0000000109400000, 0x000000010d100000)
  object space 21504K, 32% used [0x0000000107f00000,0x00000001085cf1a8,0x0000000109400000)
}
Event: 1.058 GC heap before
{Heap before GC invocations=2 (full 0):
 PSYoungGen      total 38912K, used 33320K [0x0000000162600000, 0x0000000167200000, 0x000000018d100000)
  eden space 33792K, 92% used [0x0000000162600000,0x00000001644a7550,0x0000000164700000)
  from space 5120K, 37% used [0x0000000164700000,0x00000001648e2d60,0x0000000164c00000)
  to   space 5120K, 0% used [0x0000000166d00000,0x0000000166d00000,0x0000000167200000)
 ParOldGen       total 87040K, used 15511K [0x000000010d100000, 0x0000000112600000, 0x0000000162600000)
  object space 87040K, 17% used [0x000000010d100000,0x000000010e025fd0,0x0000000112600000)
 PSPermGen       total 21504K, used 6972K [0x0000000107f00000, 0x0000000109400000, 0x000000010d100000)
  object space 21504K, 32% used [0x0000000107f00000,0x00000001085cf1a8,0x0000000109400000)
Event: 1.061 GC heap after
Heap after GC invocations=2 (full 0):
 PSYoungGen      total 72704K, used 1106K [0x0000000162600000, 0x0000000167200000, 0x000000018d100000)
  eden space 67584K, 0% used [0x0000000162600000,0x0000000162600000,0x0000000166800000)
  from space 5120K, 21% used [0x0000000166d00000,0x0000000166e14910,0x0000000167200000)
  to   space 5120K, 0% used [0x0000000166800000,0x0000000166800000,0x0000000166d00000)
 ParOldGen       total 87040K, used 15519K [0x000000010d100000, 0x0000000112600000, 0x0000000162600000)
  object space 87040K, 17% used [0x000000010d100000,0x000000010e027fd0,0x0000000112600000)
 PSPermGen       total 21504K, used 6972K [0x0000000107f00000, 0x0000000109400000, 0x000000010d100000)
  object space 21504K, 32% used [0x0000000107f00000,0x00000001085cf1a8,0x0000000109400000)
}
Event: 1.420 GC heap before
{Heap before GC invocations=3 (full 0):
 PSYoungGen      total 72704K, used 68690K [0x0000000162600000, 0x0000000167200000, 0x000000018d100000)
  eden space 67584K, 100% used [0x0000000162600000,0x0000000166800000,0x0000000166800000)
  from space 5120K, 21% used [0x0000000166d00000,0x0000000166e14910,0x0000000167200000)
  to   space 5120K, 0% used [0x0000000166800000,0x0000000166800000,0x0000000166d00000)
 ParOldGen       total 87040K, used 15519K [0x000000010d100000, 0x0000000112600000, 0x0000000162600000)
  object space 87040K, 17% used [0x000000010d100000,0x000000010e027fd0,0x0000000112600000)
 PSPermGen       total 21504K, used 8106K [0x0000000107f00000, 0x0000000109400000, 0x000000010d100000)
  object space 21504K, 37% used [0x0000000107f00000,0x00000001086ea808,0x0000000109400000)
Event: 1.445 GC heap after
Heap after GC invocations=3 (full 0):
 PSYoungGen      total 72704K, used 1200K [0x0000000162600000, 0x000000016b400000, 0x000000018d100000)
  eden space 67584K, 0% used [0x0000000162600000,0x0000000162600000,0x0000000166800000)
  from space 5120K, 23% used [0x0000000166800000,0x000000016692c010,0x0000000166d00000)
  to   space 5120K, 0% used [0x000000016af00000,0x000000016af00000,0x000000016b400000)
 ParOldGen       total 87040K, used 66165K [0x000000010d100000, 0x0000000112600000, 0x0000000162600000)
  object space 87040K, 76% used [0x000000010d100000,0x000000011119d520,0x0000000112600000)
 PSPermGen       total 21504K, used 8106K [0x0000000107f00000, 0x0000000109400000, 0x000000010d100000)
  object space 21504K, 37% used [0x0000000107f00000,0x00000001086ea808,0x0000000109400000)
}
Event: 1.445 GC heap before
{Heap before GC invocations=4 (full 1):
 PSYoungGen      total 72704K, used 1200K [0x0000000162600000, 0x000000016b400000, 0x000000018d100000)
  eden space 67584K, 0% used [0x0000000162600000,0x0000000162600000,0x0000000166800000)
  from space 5120K, 23% used [0x0000000166800000,0x000000016692c010,0x0000000166d00000)
  to   space 5120K, 0% used [0x000000016af00000,0x000000016af00000,0x000000016b400000)
 ParOldGen       total 87040K, used 66165K [0x000000010d100000, 0x0000000112600000, 0x0000000162600000)
  object space 87040K, 76% used [0x000000010d100000,0x000000011119d520,0x0000000112600000)
 PSPermGen       total 21504K, used 8106K [0x0000000107f00000, 0x0000000109400000, 0x000000010d100000)
  object space 21504K, 37% used [0x0000000107f00000,0x00000001086ea808,0x0000000109400000)
Event: 1.474 GC heap after
Heap after GC invocations=4 (full 1):
 PSYoungGen      total 72704K, used 0K [0x0000000162600000, 0x000000016b400000, 0x000000018d100000)
  eden space 67584K, 0% used [0x0000000162600000,0x0000000162600000,0x0000000166800000)
  from space 5120K, 0% used [0x0000000166800000,0x0000000166800000,0x0000000166d00000)
  to   space 5120K, 0% used [0x000000016af00000,0x000000016af00000,0x000000016b400000)
 ParOldGen       total 137728K, used 32327K [0x000000010d100000, 0x0000000115780000, 0x0000000162600000)
  object space 137728K, 23% used [0x000000010d100000,0x000000010f091e18,0x0000000115780000)
 PSPermGen       total 21504K, used 8104K [0x0000000107f00000, 0x0000000109400000, 0x000000010d100000)
  object space 21504K, 37% used [0x0000000107f00000,0x00000001086ea1e0,0x0000000109400000)
}

